1570790649.334168 client started (30112): version 2.6, socket /tmp/tmux-1000/default, protocol 8
1570790649.334251 on Linux 5.0.0-31-generic #33~18.04.1-Ubuntu SMP Tue Oct 1 10:20:39 UTC 2019; libevent 2.1.8-stable (poll)
1570790649.334311 socket is /tmp/tmux-1000/default
1570790649.334343 trying connect
1570790649.334397 connect failed: Connection refused
1570790649.334424 lock file is /tmp/tmux-1000/default.lock
1570790649.334489 flock succeeded
1570790649.334501 got lock (6)
1570790649.334518 trying connect
1570790649.334550 connect failed: Connection refused
1570790649.335077 add peer 0x5622d5c80ae0: 7 ((nil))
1570790649.335436 sending message 100 to peer 0x5622d5c80ae0 (4 bytes)
1570790649.335471 sending message 101 to peer 0x5622d5c80ae0 (15 bytes)
1570790649.335487 sending message 102 to peer 0x5622d5c80ae0 (11 bytes)
1570790649.335500 sending message 108 to peer 0x5622d5c80ae0 (82 bytes)
1570790649.335517 sending message 104 to peer 0x5622d5c80ae0 (0 bytes)
1570790649.335534 sending message 107 to peer 0x5622d5c80ae0 (4 bytes)
1570790649.335551 sending message 105 to peer 0x5622d5c80ae0 (15 bytes)
1570790649.335575 sending message 105 to peer 0x5622d5c80ae0 (17 bytes)
1570790649.335621 sending message 105 to peer 0x5622d5c80ae0 (13 bytes)
1570790649.335646 sending message 105 to peer 0x5622d5c80ae0 (30 bytes)
1570790649.335668 sending message 105 to peer 0x5622d5c80ae0 (11 bytes)
1570790649.335689 sending message 105 to peer 0x5622d5c80ae0 (20 bytes)
1570790649.335712 sending message 105 to peer 0x5622d5c80ae0 (44 bytes)
1570790649.335736 sending message 105 to peer 0x5622d5c80ae0 (30 bytes)
1570790649.335760 sending message 105 to peer 0x5622d5c80ae0 (44 bytes)
1570790649.335785 sending message 105 to peer 0x5622d5c80ae0 (51 bytes)
1570790649.335810 sending message 105 to peer 0x5622d5c80ae0 (16 bytes)
1570790649.335832 sending message 105 to peer 0x5622d5c80ae0 (21 bytes)
1570790649.335846 sending message 105 to peer 0x5622d5c80ae0 (41 bytes)
1570790649.335864 sending message 105 to peer 0x5622d5c80ae0 (15 bytes)
1570790649.335885 sending message 105 to peer 0x5622d5c80ae0 (17 bytes)
1570790649.335905 sending message 105 to peer 0x5622d5c80ae0 (20 bytes)
1570790649.335928 sending message 105 to peer 0x5622d5c80ae0 (166 bytes)
1570790649.335968 sending message 105 to peer 0x5622d5c80ae0 (23 bytes)
1570790649.336037 sending message 105 to peer 0x5622d5c80ae0 (21 bytes)
1570790649.336064 sending message 105 to peer 0x5622d5c80ae0 (18 bytes)
1570790649.336087 sending message 105 to peer 0x5622d5c80ae0 (18 bytes)
1570790649.336114 sending message 105 to peer 0x5622d5c80ae0 (22 bytes)
1570790649.336138 sending message 105 to peer 0x5622d5c80ae0 (33 bytes)
1570790649.336155 sending message 105 to peer 0x5622d5c80ae0 (20 bytes)
1570790649.336171 sending message 105 to peer 0x5622d5c80ae0 (23 bytes)
1570790649.336185 sending message 105 to peer 0x5622d5c80ae0 (32 bytes)
1570790649.336199 sending message 105 to peer 0x5622d5c80ae0 (41 bytes)
1570790649.336213 sending message 105 to peer 0x5622d5c80ae0 (27 bytes)
1570790649.336228 sending message 105 to peer 0x5622d5c80ae0 (18 bytes)
1570790649.336244 sending message 105 to peer 0x5622d5c80ae0 (18 bytes)
1570790649.336258 sending message 105 to peer 0x5622d5c80ae0 (41 bytes)
1570790649.336275 sending message 105 to peer 0x5622d5c80ae0 (23 bytes)
1570790649.336288 sending message 105 to peer 0x5622d5c80ae0 (27 bytes)
1570790649.336321 sending message 105 to peer 0x5622d5c80ae0 (45 bytes)
1570790649.336341 sending message 105 to peer 0x5622d5c80ae0 (54 bytes)
1570790649.336361 sending message 105 to peer 0x5622d5c80ae0 (86 bytes)
1570790649.336378 sending message 105 to peer 0x5622d5c80ae0 (17 bytes)
1570790649.336396 sending message 105 to peer 0x5622d5c80ae0 (23 bytes)
1570790649.336411 sending message 105 to peer 0x5622d5c80ae0 (31 bytes)
1570790649.336424 sending message 105 to peer 0x5622d5c80ae0 (19 bytes)
1570790649.336437 sending message 105 to peer 0x5622d5c80ae0 (13 bytes)
1570790649.336473 sending message 105 to peer 0x5622d5c80ae0 (28 bytes)
1570790649.336490 sending message 105 to peer 0x5622d5c80ae0 (86 bytes)
1570790649.336538 sending message 105 to peer 0x5622d5c80ae0 (17 bytes)
1570790649.336557 sending message 105 to peer 0x5622d5c80ae0 (24 bytes)
1570790649.336574 sending message 105 to peer 0x5622d5c80ae0 (19 bytes)
1570790649.336591 sending message 105 to peer 0x5622d5c80ae0 (19 bytes)
1570790649.336617 sending message 105 to peer 0x5622d5c80ae0 (70 bytes)
1570790649.336636 sending message 105 to peer 0x5622d5c80ae0 (19 bytes)
1570790649.336653 sending message 105 to peer 0x5622d5c80ae0 (85 bytes)
1570790649.336670 sending message 105 to peer 0x5622d5c80ae0 (17 bytes)
1570790649.336687 sending message 105 to peer 0x5622d5c80ae0 (20 bytes)
1570790649.336705 sending message 105 to peer 0x5622d5c80ae0 (86 bytes)
1570790649.336722 sending message 105 to peer 0x5622d5c80ae0 (52 bytes)
1570790649.336740 sending message 105 to peer 0x5622d5c80ae0 (8 bytes)
1570790649.336757 sending message 105 to peer 0x5622d5c80ae0 (11 bytes)
1570790649.336774 sending message 105 to peer 0x5622d5c80ae0 (21 bytes)
1570790649.336791 sending message 105 to peer 0x5622d5c80ae0 (54 bytes)
1570790649.336809 sending message 105 to peer 0x5622d5c80ae0 (33 bytes)
1570790649.336826 sending message 105 to peer 0x5622d5c80ae0 (20 bytes)
1570790649.336844 sending message 105 to peer 0x5622d5c80ae0 (90 bytes)
1570790649.336862 sending message 105 to peer 0x5622d5c80ae0 (25 bytes)
1570790649.336950 sending message 105 to peer 0x5622d5c80ae0 (74 bytes)
1570790649.336974 sending message 105 to peer 0x5622d5c80ae0 (29 bytes)
1570790649.336993 sending message 105 to peer 0x5622d5c80ae0 (11 bytes)
1570790649.337013 sending message 105 to peer 0x5622d5c80ae0 (8 bytes)
1570790649.337031 sending message 105 to peer 0x5622d5c80ae0 (32 bytes)
1570790649.337050 sending message 105 to peer 0x5622d5c80ae0 (1516 bytes)
1570790649.337072 sending message 105 to peer 0x5622d5c80ae0 (16 bytes)
1570790649.337091 sending message 105 to peer 0x5622d5c80ae0 (16 bytes)
1570790649.337105 sending message 106 to peer 0x5622d5c80ae0 (0 bytes)
1570790649.337118 sending message 200 to peer 0x5622d5c80ae0 (4 bytes)
1570790649.337130 client loop enter
1570790649.358375 peer 0x5622d5c80ae0 message 207
1570790649.358411 sending message 208 to peer 0x5622d5c80ae0 (0 bytes)
1570790652.779390 peer 0x5622d5c80ae0 message 203
1570790652.779408 sending message 205 to peer 0x5622d5c80ae0 (0 bytes)
1570790652.779707 peer 0x5622d5c80ae0 message 204
1570790652.779720 client loop exit
